{"name": "test_validate_myinfo_flows[TC_MyInfo_005]", "status": "failed", "statusDetails": {"message": "AssertionError: assert False\n +  where False = is_visible()\n +    where is_visible = <Locator frame=<Frame name= url='https://opensource-demo.orangehrmlive.com/web/index.php/pim/viewPersonalDetails/empNumber/7'> selector='h6'>.is_visible\n +      where <Locator frame=<Frame name= url='https://opensource-demo.orangehrmlive.com/web/index.php/pim/viewPersonalDetails/empNumber/7'> selector='h6'> = locator('h6')\n +        where locator = <Page url='https://opensource-demo.orangehrmlive.com/web/index.php/pim/viewPersonalDetails/empNumber/7'>.locator", "trace": "fixturefunc = <function verify_visible at 0x0000019B65CF68D0>\nrequest = <FixtureRequest for <Function test_validate_myinfo_flows[TC_MyInfo_005]>>\nkwargs = {'page': <Page url='https://opensource-demo.orangehrmlive.com/web/index.php/pim/viewPersonalDetails/empNumber/7'>}\n\n    def call_fixture_func(\n        fixturefunc: _FixtureFunc[FixtureValue], request: FixtureRequest, kwargs\n    ) -> FixtureValue:\n        if inspect.isgeneratorfunction(fixturefunc):\n            fixturefunc = cast(Callable[..., Generator[FixtureValue]], fixturefunc)\n            generator = fixturefunc(**kwargs)\n            try:\n                fixture_result = next(generator)\n            except StopIteration:\n                raise ValueError(f\"{request.fixturename} did not yield a value\") from None\n            finalizer = functools.partial(_teardown_yield_fixture, fixturefunc, generator)\n            request.addfinalizer(finalizer)\n        else:\n            fixturefunc = cast(Callable[..., FixtureValue], fixturefunc)\n>           fixture_result = fixturefunc(**kwargs)\n                             ^^^^^^^^^^^^^^^^^^^^^\n\n..\\.venv\\Lib\\site-packages\\_pytest\\fixtures.py:915: \n_ _ _ _ _ _ _ _ _ _ _ _ _ _ _ _ _ _ _ _ _ _ _ _ _ _ _ _ _ _ _ _ _ _ _ _ _ _ _ _ _ _ _ _ _ _ _ _ _ _ _ _ _ _ _ _ _ _ _ _ _ _ _ _ _ _ _ _ _ _ _ \n\npage = <Page url='https://opensource-demo.orangehrmlive.com/web/index.php/pim/viewPersonalDetails/empNumber/7'>\n\n    @then(\"the requested section should be visible\")\n    def verify_visible(page):\n>       assert page.locator(\"h6\").is_visible()\nE       AssertionError: assert False\nE        +  where False = is_visible()\nE        +    where is_visible = <Locator frame=<Frame name= url='https://opensource-demo.orangehrmlive.com/web/index.php/pim/viewPersonalDetails/empNumber/7'> selector='h6'>.is_visible\nE        +      where <Locator frame=<Frame name= url='https://opensource-demo.orangehrmlive.com/web/index.php/pim/viewPersonalDetails/empNumber/7'> selector='h6'> = locator('h6')\nE        +        where locator = <Page url='https://opensource-demo.orangehrmlive.com/web/index.php/pim/viewPersonalDetails/empNumber/7'>.locator\n\nsteps\\common_steps.py:9: AssertionError"}, "description": "D:\\PythonProject\\playwright_assignment_Ayushmaan\\qa.orangeHRM.automation\\features\\my_info\\myinfo.feature: Validate MyInfo flows", "parameters": [{"name": "_pytest_bdd_example", "value": "{'TC_ID': 'TC_MyInfo_005'}"}], "start": 1770033389784, "stop": 1770033407609, "uuid": "cc0907da-0b77-400c-904f-72e37d177f78", "historyId": "0ce215eee27c8b424a4902b07fb82465", "testCaseId": "d09c7d025a36846e956de98c43aad530", "fullName": "tests.test_myinfo_bdd#test_validate_myinfo_flows", "labels": [{"name": "parentSuite", "value": "tests"}, {"name": "suite", "value": "test_myinfo_bdd"}, {"name": "host", "value": "PW0ME614"}, {"name": "thread", "value": "34052-MainThread"}, {"name": "framework", "value": "pytest"}, {"name": "language", "value": "cpython3"}, {"name": "package", "value": "tests.test_myinfo_bdd"}], "titlePath": ["tests", "test_myinfo_bdd.py"]}