{"97e673660af877bb409e534581971d68":{"statistic":{"failed":0,"broken":1,"skipped":0,"passed":0,"unknown":0,"total":1},"items":[{"uid":"10c50429567eb145","status":"broken","statusDetails":"pytest_bdd.exceptions.StepDefinitionNotFoundError: Step definition is not found: Given \"the user navigates to My Info\". Line 5 in scenario \"Read-only validation\" in the feature \"D:\\PythonProject\\playwright_assignment_Ayushmaan\\qa.orangeHRM.automation\\features\\my_info\\restricted.feature\"","time":{"start":1770033581424,"stop":1770033601740,"duration":20316}}]},"0ce215eee27c8b424a4902b07fb82465":{"statistic":{"failed":1,"broken":0,"skipped":0,"passed":0,"unknown":0,"total":1},"items":[{"uid":"dbdc40b4d4c6c995","status":"failed","statusDetails":"AssertionError: assert False\n +  where False = is_visible()\n +    where is_visible = <Locator frame=<Frame name= url='https://opensource-demo.orangehrmlive.com/web/index.php/pim/viewPersonalDetails/empNumber/7'> selector='h6'>.is_visible\n +      where <Locator frame=<Frame name= url='https://opensource-demo.orangehrmlive.com/web/index.php/pim/viewPersonalDetails/empNumber/7'> selector='h6'> = locator('h6')\n +        where locator = <Page url='https://opensource-demo.orangehrmlive.com/web/index.php/pim/viewPersonalDetails/empNumber/7'>.locator","time":{"start":1770033389784,"stop":1770033407609,"duration":17825}}]},"c100ef34c13c643731be1ea55ba29055":{"statistic":{"failed":0,"broken":1,"skipped":0,"passed":0,"unknown":0,"total":1},"items":[{"uid":"98635adbd11ce0d5","status":"broken","statusDetails":"pytest_bdd.exceptions.StepDefinitionNotFoundError: Step definition is not found: Given \"the user navigates to My Info\". Line 5 in scenario \"Upload validation\" in the feature \"D:\\PythonProject\\playwright_assignment_Ayushmaan\\qa.orangeHRM.automation\\features\\my_info\\uploads.feature\"","time":{"start":1770033118804,"stop":1770033131087,"duration":12283}}]},"2b1c9eab8131a7b59be2f1107cfcb536":{"statistic":{"failed":0,"broken":1,"skipped":0,"passed":0,"unknown":0,"total":1},"items":[{"uid":"df31cf472d1c9525","status":"broken","statusDetails":"pytest_bdd.exceptions.StepDefinitionNotFoundError: Step definition is not found: Given \"the user navigates to My Info\". Line 5 in scenario \"Delete record\" in the feature \"D:\\PythonProject\\playwright_assignment_Ayushmaan\\qa.orangeHRM.automation\\features\\my_info\\crud.feature\"","time":{"start":1770032938369,"stop":1770032959084,"duration":20715}}]},"44978eca4d6ee437c79d3c77d5d4671b":{"statistic":{"failed":0,"broken":1,"skipped":0,"passed":0,"unknown":0,"total":1},"items":[{"uid":"21208b478f0c3656","status":"broken","statusDetails":"pytest_bdd.exceptions.StepDefinitionNotFoundError: Step definition is not found: Given \"the user navigates to My Info\". Line 5 in scenario \"Delete record\" in the feature \"D:\\PythonProject\\playwright_assignment_Ayushmaan\\qa.orangeHRM.automation\\features\\my_info\\crud.feature\"","time":{"start":1770033344496,"stop":1770033356085,"duration":11589}}]},"8d77411488ab5e730ecf773e5f7a3145":{"statistic":{"failed":0,"broken":1,"skipped":0,"passed":0,"unknown":0,"total":1},"items":[{"uid":"ebc93a74244f32cd","status":"broken","statusDetails":"pytest_bdd.exceptions.StepDefinitionNotFoundError: Step definition is not found: Given \"the user is on the login page\". Line 4 in scenario \"ESS login validation\" in the feature \"D:\\PythonProject\\playwright_assignment_Ayushmaan\\qa.orangeHRM.automation\\features\\my_info\\login.feature\"","time":{"start":1770032980020,"stop":1770032980021,"duration":1}}]},"7ead8d549df145a564474d47013fee31":{"statistic":{"failed":0,"broken":1,"skipped":0,"passed":0,"unknown":0,"total":1},"items":[{"uid":"e6bab49fd5789dfb","status":"broken","statusDetails":"pytest_bdd.exceptions.StepDefinitionNotFoundError: Step definition is not found: Given \"the user navigates to My Info\". Line 5 in scenario \"Add record\" in the feature \"D:\\PythonProject\\playwright_assignment_Ayushmaan\\qa.orangeHRM.automation\\features\\my_info\\crud.feature\"","time":{"start":1770033248072,"stop":1770033262860,"duration":14788}}]},"60485cde76b6cef7e80ba848d85ebf48":{"statistic":{"failed":0,"broken":1,"skipped":0,"passed":0,"unknown":0,"total":1},"items":[{"uid":"edab1599fa8433f8","status":"broken","statusDetails":"pytest_bdd.exceptions.StepDefinitionNotFoundError: Step definition is not found: Given \"the user navigates to My Info\". Line 5 in scenario \"View Personal Details (TC_MyInfo_005)\" in the feature \"D:\\PythonProject\\playwright_assignment_Ayushmaan\\qa.orangeHRM.automation\\features\\my_info\\personal_details.feature\"","time":{"start":1770033452415,"stop":1770033468275,"duration":15860}}]},"3dadf2ff99e102f51fb7731e4df6a6e6":{"statistic":{"failed":0,"broken":1,"skipped":0,"passed":0,"unknown":0,"total":1},"items":[{"uid":"d0a23c977f7939de","status":"broken","statusDetails":"pytest_bdd.exceptions.StepDefinitionNotFoundError: Step definition is not found: Given \"the user navigates to My Info\". Line 5 in scenario \"Delete record\" in the feature \"D:\\PythonProject\\playwright_assignment_Ayushmaan\\qa.orangeHRM.automation\\features\\my_info\\crud.feature\"","time":{"start":1770033356138,"stop":1770033370367,"duration":14229}}]},"6bc8512c13c0da010764a2147613ea61":{"statistic":{"failed":0,"broken":1,"skipped":0,"passed":0,"unknown":0,"total":1},"items":[{"uid":"17590ea93856124e","status":"broken","statusDetails":"pytest_bdd.exceptions.StepDefinitionNotFoundError: Step definition is not found: Given \"the user navigates to My Info\". Line 5 in scenario \"Restricted fields in Personal Details (TC_MyInfo_007)\" in the feature \"D:\\PythonProject\\playwright_assignment_Ayushmaan\\qa.orangeHRM.automation\\features\\my_info\\personal_details.feature\"","time":{"start":1770033103861,"stop":1770033118733,"duration":14872}}]},"cb20acf17df6a765a4c14ac8e8ea151b":{"statistic":{"failed":1,"broken":0,"skipped":0,"passed":0,"unknown":0,"total":1},"items":[{"uid":"849a1049daeb59d0","status":"failed","statusDetails":"AssertionError: assert False\n +  where False = is_visible()\n +    where is_visible = <Locator frame=<Frame name= url='https://opensource-demo.orangehrmlive.com/web/index.php/pim/viewPersonalDetails/empNumber/7'> selector='h6'>.is_visible\n +      where <Locator frame=<Frame name= url='https://opensource-demo.orangehrmlive.com/web/index.php/pim/viewPersonalDetails/empNumber/7'> selector='h6'> = locator('h6')\n +        where locator = <Page url='https://opensource-demo.orangehrmlive.com/web/index.php/pim/viewPersonalDetails/empNumber/7'>.locator","time":{"start":1770033370490,"stop":1770033389625,"duration":19135}}]},"b91de6ed4fb599e9ca231a1ac30f9ed4":{"statistic":{"failed":1,"broken":0,"skipped":0,"passed":0,"unknown":0,"total":1},"items":[{"uid":"cdaebfebba6ab007","status":"failed","statusDetails":"AssertionError: assert False\n +  where False = is_visible()\n +    where is_visible = <Locator frame=<Frame name= url='https://opensource-demo.orangehrmlive.com/web/index.php/pim/viewPersonalDetails/empNumber/7'> selector='h6'>.is_visible\n +      where <Locator frame=<Frame name= url='https://opensource-demo.orangehrmlive.com/web/index.php/pim/viewPersonalDetails/empNumber/7'> selector='h6'> = locator('h6')\n +        where locator = <Page url='https://opensource-demo.orangehrmlive.com/web/index.php/pim/viewPersonalDetails/empNumber/7'>.locator","time":{"start":1770033407696,"stop":1770033428816,"duration":21120}}]},"bf99a40de926aba1394cd4377452e37b":{"statistic":{"failed":0,"broken":1,"skipped":0,"passed":0,"unknown":0,"total":1},"items":[{"uid":"fc54fd01d67df0ce","status":"broken","statusDetails":"pytest_bdd.exceptions.StepDefinitionNotFoundError: Step definition is not found: Given \"the user is on the login page\". Line 4 in scenario \"ESS login validation\" in the feature \"D:\\PythonProject\\playwright_assignment_Ayushmaan\\qa.orangeHRM.automation\\features\\my_info\\login.feature\"","time":{"start":1770033370439,"stop":1770033370440,"duration":1}}]},"ddd6d38bdde76db443f6224b47687b21":{"statistic":{"failed":0,"broken":1,"skipped":0,"passed":0,"unknown":0,"total":1},"items":[{"uid":"153040dbcadb0981","status":"broken","statusDetails":"pytest_bdd.exceptions.StepDefinitionNotFoundError: Step definition is not found: Given \"the user navigates to My Info\". Line 5 in scenario \"Upload validation\" in the feature \"D:\\PythonProject\\playwright_assignment_Ayushmaan\\qa.orangeHRM.automation\\features\\my_info\\uploads.feature\"","time":{"start":1770033507388,"stop":1770033518507,"duration":11119}}]},"5d0a8625f099775a4b5c0fb802a8bf0f":{"statistic":{"failed":0,"broken":1,"skipped":0,"passed":0,"unknown":0,"total":1},"items":[{"uid":"aeaa5280e7d78a61","status":"broken","statusDetails":"pytest_bdd.exceptions.StepDefinitionNotFoundError: Step definition is not found: Given \"the user navigates to My Info\". Line 5 in scenario \"Delete record\" in the feature \"D:\\PythonProject\\playwright_assignment_Ayushmaan\\qa.orangeHRM.automation\\features\\my_info\\crud.feature\"","time":{"start":1770032918260,"stop":1770032938312,"duration":20052}}]},"5ca049b3c52bff3bddf181090264d913":{"statistic":{"failed":0,"broken":1,"skipped":0,"passed":0,"unknown":0,"total":1},"items":[{"uid":"df0a2fbf09ab1247","status":"broken","statusDetails":"pytest_bdd.exceptions.StepDefinitionNotFoundError: Step definition is not found: Given \"the user navigates to My Info\". Line 5 in scenario \"Add record\" in the feature \"D:\\PythonProject\\playwright_assignment_Ayushmaan\\qa.orangeHRM.automation\\features\\my_info\\crud.feature\"","time":{"start":1770032851782,"stop":1770032869144,"duration":17362}}]},"1e1b9d97b974fc9cf8301319813b2f5f":{"statistic":{"failed":0,"broken":1,"skipped":0,"passed":0,"unknown":0,"total":1},"items":[{"uid":"fc07754ed9e7da37","status":"broken","statusDetails":"pytest_bdd.exceptions.StepDefinitionNotFoundError: Step definition is not found: Given \"the user is on the login page\". Line 4 in scenario \"ESS login validation\" in the feature \"D:\\PythonProject\\playwright_assignment_Ayushmaan\\qa.orangeHRM.automation\\features\\my_info\\login.feature\"","time":{"start":1770033370472,"stop":1770033370472,"duration":0}}]},"8b93a432ef7460dd74f6cf091ef40a09":{"statistic":{"failed":0,"broken":1,"skipped":0,"passed":0,"unknown":0,"total":1},"items":[{"uid":"3caba38e01d28e38","status":"broken","statusDetails":"playwright._impl._errors.Error: Page.goto: net::ERR_HTTP_RESPONSE_CODE_FAILURE at https://opensource-demo.orangehrmlive.com/web/index.php/auth/login\nCall log:\n  - navigating to \"https://opensource-demo.orangehrmlive.com/web/index.php/auth/login\", waiting until \"load\"","time":{"start":1770033601788,"stop":1770033604091,"duration":2303}}]},"9d7ab8cf9bd396c36f89b8dc93689703":{"statistic":{"failed":0,"broken":1,"skipped":0,"passed":0,"unknown":0,"total":1},"items":[{"uid":"1d1f5f5bdd70a77b","status":"broken","statusDetails":"pytest_bdd.exceptions.StepDefinitionNotFoundError: Step definition is not found: Given \"the user navigates to My Info\". Line 5 in scenario \"Upload validation\" in the feature \"D:\\PythonProject\\playwright_assignment_Ayushmaan\\qa.orangeHRM.automation\\features\\my_info\\uploads.feature\"","time":{"start":1770033518563,"stop":1770033538938,"duration":20375}}]},"700477de034c648ec1c7405947cc7978":{"statistic":{"failed":0,"broken":1,"skipped":0,"passed":0,"unknown":0,"total":1},"items":[{"uid":"558498d83155dd1","status":"broken","statusDetails":"pytest_bdd.exceptions.StepDefinitionNotFoundError: Step definition is not found: Given \"the user navigates to My Info\". Line 5 in scenario \"Edit Personal Details (TC_MyInfo_006)\" in the feature \"D:\\PythonProject\\playwright_assignment_Ayushmaan\\qa.orangeHRM.automation\\features\\my_info\\personal_details.feature\"","time":{"start":1770033089544,"stop":1770033103809,"duration":14265}}]},"40c51257b39ae6d3785a3e526cd53535":{"statistic":{"failed":0,"broken":1,"skipped":0,"passed":0,"unknown":0,"total":1},"items":[{"uid":"168262bc457511b4","status":"broken","statusDetails":"pytest_bdd.exceptions.StepDefinitionNotFoundError: Step definition is not found: Given \"the user navigates to My Info\". Line 5 in scenario \"Add record\" in the feature \"D:\\PythonProject\\playwright_assignment_Ayushmaan\\qa.orangeHRM.automation\\features\\my_info\\crud.feature\"","time":{"start":1770033262927,"stop":1770033283529,"duration":20602}}]},"fcfb037bc9b7d35855d393d830a5c12f":{"statistic":{"failed":0,"broken":1,"skipped":0,"passed":0,"unknown":0,"total":1},"items":[{"uid":"28c5f2340fe17531","status":"broken","statusDetails":"pytest_bdd.exceptions.StepDefinitionNotFoundError: Step definition is not found: Given \"the user navigates to My Info\". Line 5 in scenario \"Edit Personal Details (TC_MyInfo_006)\" in the feature \"D:\\PythonProject\\playwright_assignment_Ayushmaan\\qa.orangeHRM.automation\\features\\my_info\\personal_details.feature\"","time":{"start":1770033468320,"stop":1770033490275,"duration":21955}}]},"c0c94ffaf93c12cc6bd66c60586ddfae":{"statistic":{"failed":0,"broken":1,"skipped":0,"passed":0,"unknown":0,"total":1},"items":[{"uid":"6d023a3cc6c08e69","status":"broken","statusDetails":"pytest_bdd.exceptions.StepDefinitionNotFoundError: Step definition is not found: Given \"the user navigates to My Info\". Line 5 in scenario \"Restricted fields in Personal Details (TC_MyInfo_007)\" in the feature \"D:\\PythonProject\\playwright_assignment_Ayushmaan\\qa.orangeHRM.automation\\features\\my_info\\personal_details.feature\"","time":{"start":1770033490330,"stop":1770033507333,"duration":17003}}]},"94f6b68d916ea2a6c76b89faa4c662d0":{"statistic":{"failed":0,"broken":1,"skipped":0,"passed":0,"unknown":0,"total":1},"items":[{"uid":"a91238acfe8f45e8","status":"broken","statusDetails":"pytest_bdd.exceptions.StepDefinitionNotFoundError: Step definition is not found: Given \"the user navigates to My Info\". Line 5 in scenario \"Upload validation\" in the feature \"D:\\PythonProject\\playwright_assignment_Ayushmaan\\qa.orangeHRM.automation\\features\\my_info\\uploads.feature\"","time":{"start":1770033148618,"stop":1770033163365,"duration":14747}}]},"ee679408bc51cb22dac3ec0dcb5a17f9":{"statistic":{"failed":1,"broken":0,"skipped":0,"passed":0,"unknown":0,"total":1},"items":[{"uid":"f0b731ee0262f85c","status":"failed","statusDetails":"AssertionError: assert False\n +  where False = is_visible()\n +    where is_visible = <Locator frame=<Frame name= url='https://opensource-demo.orangehrmlive.com/web/index.php/pim/viewPersonalDetails/empNumber/7'> selector='h6'>.is_visible\n +      where <Locator frame=<Frame name= url='https://opensource-demo.orangehrmlive.com/web/index.php/pim/viewPersonalDetails/empNumber/7'> selector='h6'> = locator('h6')\n +        where locator = <Page url='https://opensource-demo.orangehrmlive.com/web/index.php/pim/viewPersonalDetails/empNumber/7'>.locator","time":{"start":1770033428900,"stop":1770033452286,"duration":23386}}]},"a6422e9cac9e03a14788ab5fb680ba67":{"statistic":{"failed":1,"broken":0,"skipped":0,"passed":0,"unknown":0,"total":1},"items":[{"uid":"d5e013d230d28114","status":"failed","statusDetails":"AssertionError: assert False\n +  where False = is_visible()\n +    where is_visible = <Locator frame=<Frame name= url='https://opensource-demo.orangehrmlive.com/web/index.php/pim/viewPersonalDetails/empNumber/7'> selector='h6'>.is_visible\n +      where <Locator frame=<Frame name= url='https://opensource-demo.orangehrmlive.com/web/index.php/pim/viewPersonalDetails/empNumber/7'> selector='h6'> = locator('h6')\n +        where locator = <Page url='https://opensource-demo.orangehrmlive.com/web/index.php/pim/viewPersonalDetails/empNumber/7'>.locator","time":{"start":1770033020595,"stop":1770033040902,"duration":20307}}]},"7ccec69f3a6007458721bac0309225f7":{"statistic":{"failed":0,"broken":1,"skipped":0,"passed":0,"unknown":0,"total":1},"items":[{"uid":"fb517924969b1f31","status":"broken","statusDetails":"pytest_bdd.exceptions.StepDefinitionNotFoundError: Step definition is not found: Given \"the user navigates to My Info\". Line 5 in scenario \"Upload validation\" in the feature \"D:\\PythonProject\\playwright_assignment_Ayushmaan\\qa.orangeHRM.automation\\features\\my_info\\uploads.feature\"","time":{"start":1770033131178,"stop":1770033148565,"duration":17387}}]},"c6a5a37270f146dcd68ed7e4dba13243":{"statistic":{"failed":0,"broken":1,"skipped":0,"passed":0,"unknown":0,"total":1},"items":[{"uid":"d66a1f33df7e5e82","status":"broken","statusDetails":"pytest_bdd.exceptions.StepDefinitionNotFoundError: Step definition is not found: Given \"the user navigates to My Info\". Line 5 in scenario \"Add record\" in the feature \"D:\\PythonProject\\playwright_assignment_Ayushmaan\\qa.orangeHRM.automation\\features\\my_info\\crud.feature\"","time":{"start":1770033215558,"stop":1770033234147,"duration":18589}}]},"49a9da38daa7c6b7229f7bd8bf9e13d8":{"statistic":{"failed":0,"broken":1,"skipped":0,"passed":0,"unknown":0,"total":1},"items":[{"uid":"56a3dd721c28526","status":"broken","statusDetails":"pytest_bdd.exceptions.StepDefinitionNotFoundError: Step definition is not found: Given \"the user navigates to My Info\". Line 5 in scenario \"View Personal Details (TC_MyInfo_005)\" in the feature \"D:\\PythonProject\\playwright_assignment_Ayushmaan\\qa.orangeHRM.automation\\features\\my_info\\personal_details.feature\"","time":{"start":1770033077958,"stop":1770033089497,"duration":11539}}]},"8419417a044e0d38893ab0479b86869d":{"statistic":{"failed":0,"broken":1,"skipped":0,"passed":0,"unknown":0,"total":1},"items":[{"uid":"f019059fe54cfd27","status":"broken","statusDetails":"playwright._impl._errors.TimeoutError: Page.fill: Timeout 30000ms exceeded.\nCall log:\n  - waiting for locator(\"input[name='username']\")\n    - waiting for\" https://opensource-demo.orangehrmlive.com/web/index.php/auth/validate\" navigation to finish...\n    - navigated to \"https://opensource-demo.orangehrmlive.com/web/index.php/dashboard/index\"","time":{"start":1771404474051,"stop":1771404511935,"duration":37884}}]},"bd979867ce9795005289be2985dc1706":{"statistic":{"failed":0,"broken":1,"skipped":0,"passed":0,"unknown":0,"total":1},"items":[{"uid":"f0ed7bd5815d5c50","status":"broken","statusDetails":"pytest_bdd.exceptions.StepDefinitionNotFoundError: Step definition is not found: Given \"the user navigates to My Info\". Line 5 in scenario \"Delete record\" in the feature \"D:\\PythonProject\\playwright_assignment_Ayushmaan\\qa.orangeHRM.automation\\features\\my_info\\crud.feature\"","time":{"start":1770033297428,"stop":1770033314399,"duration":16971}}]},"e85879f606976114e87e23b9142e3419":{"statistic":{"failed":0,"broken":1,"skipped":0,"passed":0,"unknown":0,"total":1},"items":[{"uid":"8cfc3a7898b53014","status":"broken","statusDetails":"pytest_bdd.exceptions.StepDefinitionNotFoundError: Step definition is not found: Given \"the user navigates to My Info\". Line 5 in scenario \"Read-only validation\" in the feature \"D:\\PythonProject\\playwright_assignment_Ayushmaan\\qa.orangeHRM.automation\\features\\my_info\\restricted.feature\"","time":{"start":1770033204029,"stop":1770033215497,"duration":11468}}]},"3f034759f6c8fd20a62962dd2ebf1b31":{"statistic":{"failed":0,"broken":1,"skipped":0,"passed":0,"unknown":0,"total":1},"items":[{"uid":"d3f5eb1b34c7823","status":"broken","statusDetails":"pytest_bdd.exceptions.StepDefinitionNotFoundError: Step definition is not found: Given \"the user navigates to My Info\". Line 5 in scenario \"Delete record\" in the feature \"D:\\PythonProject\\playwright_assignment_Ayushmaan\\qa.orangeHRM.automation\\features\\my_info\\crud.feature\"","time":{"start":1770033329913,"stop":1770033344430,"duration":14517}}]},"080f471f7f771ebcb577ad5f4d35c0b9":{"statistic":{"failed":0,"broken":1,"skipped":0,"passed":0,"unknown":0,"total":1},"items":[{"uid":"75cbfc3b1d8ab26c","status":"broken","statusDetails":"pytest_bdd.exceptions.StepDefinitionNotFoundError: Step definition is not found: Given \"the user navigates to My Info\". Line 5 in scenario \"Delete record\" in the feature \"D:\\PythonProject\\playwright_assignment_Ayushmaan\\qa.orangeHRM.automation\\features\\my_info\\crud.feature\"","time":{"start":1770032906800,"stop":1770032918200,"duration":11400}}]},"fff43aa8883c7ad85851a779a4c42868":{"statistic":{"failed":0,"broken":1,"skipped":0,"passed":0,"unknown":0,"total":1},"items":[{"uid":"6dac5914bdd5db86","status":"broken","statusDetails":"playwright._impl._errors.Error: Page.goto: net::ERR_HTTP_RESPONSE_CODE_FAILURE at https://opensource-demo.orangehrmlive.com/web/index.php/auth/login\nCall log:\n  - navigating to \"https://opensource-demo.orangehrmlive.com/web/index.php/auth/login\", waiting until \"load\"","time":{"start":1770033604358,"stop":1770033606344,"duration":1986}}]},"3ced1bec8c4d86cf543926e9aee68b4f":{"statistic":{"failed":1,"broken":0,"skipped":0,"passed":0,"unknown":0,"total":1},"items":[{"uid":"f6f981eda03df0be","status":"failed","statusDetails":"AssertionError: assert False\n +  where False = is_visible()\n +    where is_visible = <Locator frame=<Frame name= url='https://opensource-demo.orangehrmlive.com/web/index.php/pim/viewPersonalDetails/empNumber/7'> selector='h6'>.is_visible\n +      where <Locator frame=<Frame name= url='https://opensource-demo.orangehrmlive.com/web/index.php/pim/viewPersonalDetails/empNumber/7'> selector='h6'> = locator('h6')\n +        where locator = <Page url='https://opensource-demo.orangehrmlive.com/web/index.php/pim/viewPersonalDetails/empNumber/7'>.locator","time":{"start":1770033060246,"stop":1770033077845,"duration":17599}}]},"ce7055c57538ace6ce13b1284d3e6c8c":{"statistic":{"failed":0,"broken":1,"skipped":0,"passed":0,"unknown":0,"total":1},"items":[{"uid":"b368b345b3076d52","status":"broken","statusDetails":"pytest_bdd.exceptions.StepDefinitionNotFoundError: Step definition is not found: Given \"the user navigates to My Info\". Line 5 in scenario \"Add record\" in the feature \"D:\\PythonProject\\playwright_assignment_Ayushmaan\\qa.orangeHRM.automation\\features\\my_info\\crud.feature\"","time":{"start":1770033234202,"stop":1770033248017,"duration":13815}}]},"ec0797ca4ed2182ca2f26632d985bfa9":{"statistic":{"failed":0,"broken":1,"skipped":0,"passed":0,"unknown":0,"total":1},"items":[{"uid":"fb7b7b7f4229810a","status":"broken","statusDetails":"pytest_bdd.exceptions.StepDefinitionNotFoundError: Step definition is not found: Given \"the user navigates to My Info\". Line 5 in scenario \"Upload validation\" in the feature \"D:\\PythonProject\\playwright_assignment_Ayushmaan\\qa.orangeHRM.automation\\features\\my_info\\uploads.feature\"","time":{"start":1770033538993,"stop":1770033561805,"duration":22812}}]},"b2bafb5fc24d29f3e20eb1d3eb3d88ec":{"statistic":{"failed":0,"broken":1,"skipped":0,"passed":0,"unknown":0,"total":1},"items":[{"uid":"8f983cd0d0783a3","status":"broken","statusDetails":"pytest_bdd.exceptions.StepDefinitionNotFoundError: Step definition is not found: Given \"the user navigates to My Info\". Line 5 in scenario \"Read-only validation\" in the feature \"D:\\PythonProject\\playwright_assignment_Ayushmaan\\qa.orangeHRM.automation\\features\\my_info\\restricted.feature\"","time":{"start":1770033191427,"stop":1770033203967,"duration":12540}}]},"52934c703ca8edf6b0bb6c1791a3a251":{"statistic":{"failed":0,"broken":1,"skipped":0,"passed":0,"unknown":0,"total":1},"items":[{"uid":"790e44deba8b1397","status":"broken","statusDetails":"pytest_bdd.exceptions.StepDefinitionNotFoundError: Step definition is not found: Given \"the user navigates to My Info\". Line 5 in scenario \"Add record\" in the feature \"D:\\PythonProject\\playwright_assignment_Ayushmaan\\qa.orangeHRM.automation\\features\\my_info\\crud.feature\"","time":{"start":1770032869192,"stop":1770032882361,"duration":13169}}]},"4c8db1566cf87c79d97e72a4ccff92a0":{"statistic":{"failed":0,"broken":1,"skipped":0,"passed":0,"unknown":0,"total":1},"items":[{"uid":"575116489cbb4f2c","status":"broken","statusDetails":"pytest_bdd.exceptions.StepDefinitionNotFoundError: Step definition is not found: Given \"the user is on the login page\". Line 4 in scenario \"ESS login validation\" in the feature \"D:\\PythonProject\\playwright_assignment_Ayushmaan\\qa.orangeHRM.automation\\features\\my_info\\login.feature\"","time":{"start":1770033370455,"stop":1770033370456,"duration":1}}]},"7b3e8c2004f83bc463ee03a1feb32e55":{"statistic":{"failed":0,"broken":1,"skipped":0,"passed":0,"unknown":0,"total":1},"items":[{"uid":"5528c78289c65fce","status":"broken","statusDetails":"pytest_bdd.exceptions.StepDefinitionNotFoundError: Step definition is not found: Given \"the user navigates to My Info\". Line 5 in scenario \"Delete record\" in the feature \"D:\\PythonProject\\playwright_assignment_Ayushmaan\\qa.orangeHRM.automation\\features\\my_info\\crud.feature\"","time":{"start":1770032959134,"stop":1770032979928,"duration":20794}}]},"7f361a3a35680e85e0a4a9fe7d558d8e":{"statistic":{"failed":0,"broken":1,"skipped":0,"passed":0,"unknown":0,"total":1},"items":[{"uid":"c1519ea575557c2d","status":"broken","statusDetails":"pytest_bdd.exceptions.StepDefinitionNotFoundError: Step definition is not found: Given \"the user navigates to My Info\". Line 5 in scenario \"Add record\" in the feature \"D:\\PythonProject\\playwright_assignment_Ayushmaan\\qa.orangeHRM.automation\\features\\my_info\\crud.feature\"","time":{"start":1770033283577,"stop":1770033297374,"duration":13797}}]},"bef8434cdeb1bf18f9c4792374d7e0e6":{"statistic":{"failed":0,"broken":1,"skipped":0,"passed":0,"unknown":0,"total":1},"items":[{"uid":"5d3cf4a4b100d69e","status":"broken","statusDetails":"pytest_bdd.exceptions.StepDefinitionNotFoundError: Step definition is not found: Given \"the user is on the login page\". Line 4 in scenario \"ESS login validation\" in the feature \"D:\\PythonProject\\playwright_assignment_Ayushmaan\\qa.orangeHRM.automation\\features\\my_info\\login.feature\"","time":{"start":1770033370423,"stop":1770033370424,"duration":1}}]},"79021b5e6d930905cef4fec34b6fb065":{"statistic":{"failed":0,"broken":1,"skipped":0,"passed":0,"unknown":0,"total":1},"items":[{"uid":"27ce5da0b0085cc","status":"broken","statusDetails":"pytest_bdd.exceptions.StepDefinitionNotFoundError: Step definition is not found: Given \"the user navigates to My Info\". Line 5 in scenario \"Add record\" in the feature \"D:\\PythonProject\\playwright_assignment_Ayushmaan\\qa.orangeHRM.automation\\features\\my_info\\crud.feature\"","time":{"start":1770032882405,"stop":1770032894207,"duration":11802}}]},"6697858ee6456361c3c555e242912485":{"statistic":{"failed":1,"broken":0,"skipped":0,"passed":0,"unknown":0,"total":1},"items":[{"uid":"e99ef18e8c78a2c5","status":"failed","statusDetails":"AssertionError: assert False\n +  where False = is_visible()\n +    where is_visible = <Locator frame=<Frame name= url='https://opensource-demo.orangehrmlive.com/web/index.php/pim/viewPersonalDetails/empNumber/7'> selector='h6'>.is_visible\n +      where <Locator frame=<Frame name= url='https://opensource-demo.orangehrmlive.com/web/index.php/pim/viewPersonalDetails/empNumber/7'> selector='h6'> = locator('h6')\n +        where locator = <Page url='https://opensource-demo.orangehrmlive.com/web/index.php/pim/viewPersonalDetails/empNumber/7'>.locator","time":{"start":1770033041005,"stop":1770033060106,"duration":19101}}]},"beb70ff2b28dbae6df0f1d71adcf7ee4":{"statistic":{"failed":0,"broken":1,"skipped":0,"passed":0,"unknown":0,"total":1},"items":[{"uid":"9c8738e0eb7972c9","status":"broken","statusDetails":"pytest_bdd.exceptions.StepDefinitionNotFoundError: Step definition is not found: Given \"the user is on the login page\". Line 4 in scenario \"ESS login validation\" in the feature \"D:\\PythonProject\\playwright_assignment_Ayushmaan\\qa.orangeHRM.automation\\features\\my_info\\login.feature\"","time":{"start":1770032980006,"stop":1770032980006,"duration":0}}]},"eac555c99494ef4d713458cf7f6a5ab3":{"statistic":{"failed":1,"broken":0,"skipped":0,"passed":0,"unknown":0,"total":1},"items":[{"uid":"45cce7d3b25ede88","status":"failed","statusDetails":"AssertionError: assert False\n +  where False = is_visible()\n +    where is_visible = <Locator frame=<Frame name= url='https://opensource-demo.orangehrmlive.com/web/index.php/pim/viewPersonalDetails/empNumber/7'> selector='h6'>.is_visible\n +      where <Locator frame=<Frame name= url='https://opensource-demo.orangehrmlive.com/web/index.php/pim/viewPersonalDetails/empNumber/7'> selector='h6'> = locator('h6')\n +        where locator = <Page url='https://opensource-demo.orangehrmlive.com/web/index.php/pim/viewPersonalDetails/empNumber/7'>.locator","time":{"start":1770032980035,"stop":1770033020441,"duration":40406}}]},"06e248b2bd7ea5470cd0f8b350a2d0b0":{"statistic":{"failed":0,"broken":1,"skipped":0,"passed":0,"unknown":0,"total":1},"items":[{"uid":"ada62065bcf8e03a","status":"broken","statusDetails":"pytest_bdd.exceptions.StepDefinitionNotFoundError: Step definition is not found: Given \"the user navigates to My Info\". Line 5 in scenario \"Upload validation\" in the feature \"D:\\PythonProject\\playwright_assignment_Ayushmaan\\qa.orangeHRM.automation\\features\\my_info\\uploads.feature\"","time":{"start":1770033163414,"stop":1770033177439,"duration":14025}}]},"705f559d446804163cbcabad3176ec3a":{"statistic":{"failed":0,"broken":1,"skipped":0,"passed":0,"unknown":0,"total":1},"items":[{"uid":"8904bd61a4adef68","status":"broken","statusDetails":"pytest_bdd.exceptions.StepDefinitionNotFoundError: Step definition is not found: Given \"the user navigates to My Info\". Line 5 in scenario \"Add record\" in the feature \"D:\\PythonProject\\playwright_assignment_Ayushmaan\\qa.orangeHRM.automation\\features\\my_info\\crud.feature\"","time":{"start":1770032837569,"stop":1770032851685,"duration":14116}}]},"e4a6aa42c6c95247d508825fa468931e":{"statistic":{"failed":0,"broken":1,"skipped":0,"passed":0,"unknown":0,"total":1},"items":[{"uid":"126008840d3ca206","status":"broken","statusDetails":"pytest_bdd.exceptions.StepDefinitionNotFoundError: Step definition is not found: Given \"the user is on the login page\". Line 4 in scenario \"ESS login validation\" in the feature \"D:\\PythonProject\\playwright_assignment_Ayushmaan\\qa.orangeHRM.automation\\features\\my_info\\login.feature\"","time":{"start":1770032979992,"stop":1770032979993,"duration":1}}]},"05ddd7f6152904d0dea98a946cad6cc0":{"statistic":{"failed":0,"broken":1,"skipped":0,"passed":0,"unknown":0,"total":1},"items":[{"uid":"3a2f76318624846f","status":"broken","statusDetails":"pytest_bdd.exceptions.StepDefinitionNotFoundError: Step definition is not found: Given \"the user navigates to My Info\". Line 5 in scenario \"Read-only validation\" in the feature \"D:\\PythonProject\\playwright_assignment_Ayushmaan\\qa.orangeHRM.automation\\features\\my_info\\restricted.feature\"","time":{"start":1770033177487,"stop":1770033191370,"duration":13883}}]},"425acd0655b791c6b3c993ef9133ba42":{"statistic":{"failed":0,"broken":1,"skipped":0,"passed":0,"unknown":0,"total":1},"items":[{"uid":"93c327ba5909da5e","status":"broken","statusDetails":"pytest_bdd.exceptions.StepDefinitionNotFoundError: Step definition is not found: Given \"the user navigates to My Info\". Line 5 in scenario \"Delete record\" in the feature \"D:\\PythonProject\\playwright_assignment_Ayushmaan\\qa.orangeHRM.automation\\features\\my_info\\crud.feature\"","time":{"start":1770033314452,"stop":1770033329867,"duration":15415}}]},"b9a82022a7961d697aa04823b286e4fe":{"statistic":{"failed":0,"broken":1,"skipped":0,"passed":0,"unknown":0,"total":1},"items":[{"uid":"5ae1a8a41b13f83","status":"broken","statusDetails":"pytest_bdd.exceptions.StepDefinitionNotFoundError: Step definition is not found: Given \"the user navigates to My Info\". Line 5 in scenario \"Delete record\" in the feature \"D:\\PythonProject\\playwright_assignment_Ayushmaan\\qa.orangeHRM.automation\\features\\my_info\\crud.feature\"","time":{"start":1770032894255,"stop":1770032906701,"duration":12446}}]},"b303be667feac51154874f8c00e90f72":{"statistic":{"failed":0,"broken":1,"skipped":0,"passed":0,"unknown":0,"total":1},"items":[{"uid":"f20a4afc171caa30","status":"broken","statusDetails":"pytest_bdd.exceptions.StepDefinitionNotFoundError: Step definition is not found: Given \"the user is on the login page\". Line 4 in scenario \"ESS login validation\" in the feature \"D:\\PythonProject\\playwright_assignment_Ayushmaan\\qa.orangeHRM.automation\\features\\my_info\\login.feature\"","time":{"start":1770032979976,"stop":1770032979977,"duration":1}}]},"bbc93c0673a386ea9c37acec1f13c040":{"statistic":{"failed":0,"broken":1,"skipped":0,"passed":0,"unknown":0,"total":1},"items":[{"uid":"c48396e0055a24d8","status":"broken","statusDetails":"pytest_bdd.exceptions.StepDefinitionNotFoundError: Step definition is not found: Given \"the user navigates to My Info\". Line 5 in scenario \"Upload validation\" in the feature \"D:\\PythonProject\\playwright_assignment_Ayushmaan\\qa.orangeHRM.automation\\features\\my_info\\uploads.feature\"","time":{"start":1770033561866,"stop":1770033581368,"duration":19502}}]}}