{"uid":"362251eace4041e6","name":"test_validate_myinfo_flows[TC_MyInfo_005]","fullName":"tests.test_bdd_runner#test_validate_myinfo_flows","historyId":"a6422e9cac9e03a14788ab5fb680ba67","time":{"start":1770033020595,"stop":1770033040902,"duration":20307},"description":"D:\\PythonProject\\playwright_assignment_Ayushmaan\\qa.orangeHRM.automation\\features\\my_info\\myinfo.feature: Validate MyInfo flows","descriptionHtml":"<p>D:\\PythonProject\\playwright_assignment_Ayushmaan\\qa.orangeHRM.automation\\features\\my_info\\myinfo.feature: Validate MyInfo flows</p>\n","status":"failed","statusMessage":"AssertionError: assert False\n +  where False = is_visible()\n +    where is_visible = <Locator frame=<Frame name= url='https://opensource-demo.orangehrmlive.com/web/index.php/pim/viewPersonalDetails/empNumber/7'> selector='h6'>.is_visible\n +      where <Locator frame=<Frame name= url='https://opensource-demo.orangehrmlive.com/web/index.php/pim/viewPersonalDetails/empNumber/7'> selector='h6'> = locator('h6')\n +        where locator = <Page url='https://opensource-demo.orangehrmlive.com/web/index.php/pim/viewPersonalDetails/empNumber/7'>.locator","statusTrace":"fixturefunc = <function verify_visible at 0x0000019B65CF68D0>\nrequest = <FixtureRequest for <Function test_validate_myinfo_flows[TC_MyInfo_005]>>\nkwargs = {'page': <Page url='https://opensource-demo.orangehrmlive.com/web/index.php/pim/viewPersonalDetails/empNumber/7'>}\n\n    def call_fixture_func(\n        fixturefunc: _FixtureFunc[FixtureValue], request: FixtureRequest, kwargs\n    ) -> FixtureValue:\n        if inspect.isgeneratorfunction(fixturefunc):\n            fixturefunc = cast(Callable[..., Generator[FixtureValue]], fixturefunc)\n            generator = fixturefunc(**kwargs)\n            try:\n                fixture_result = next(generator)\n            except StopIteration:\n                raise ValueError(f\"{request.fixturename} did not yield a value\") from None\n            finalizer = functools.partial(_teardown_yield_fixture, fixturefunc, generator)\n            request.addfinalizer(finalizer)\n        else:\n            fixturefunc = cast(Callable[..., FixtureValue], fixturefunc)\n>           fixture_result = fixturefunc(**kwargs)\n                             ^^^^^^^^^^^^^^^^^^^^^\n\n..\\.venv\\Lib\\site-packages\\_pytest\\fixtures.py:915: \n_ _ _ _ _ _ _ _ _ _ _ _ _ _ _ _ _ _ _ _ _ _ _ _ _ _ _ _ _ _ _ _ _ _ _ _ _ _ _ _ _ _ _ _ _ _ _ _ _ _ _ _ _ _ _ _ _ _ _ _ _ _ _ _ _ _ _ _ _ _ _ \n\npage = <Page url='https://opensource-demo.orangehrmlive.com/web/index.php/pim/viewPersonalDetails/empNumber/7'>\n\n    @then(\"the requested section should be visible\")\n    def verify_visible(page):\n>       assert page.locator(\"h6\").is_visible()\nE       AssertionError: assert False\nE        +  where False = is_visible()\nE        +    where is_visible = <Locator frame=<Frame name= url='https://opensource-demo.orangehrmlive.com/web/index.php/pim/viewPersonalDetails/empNumber/7'> selector='h6'>.is_visible\nE        +      where <Locator frame=<Frame name= url='https://opensource-demo.orangehrmlive.com/web/index.php/pim/viewPersonalDetails/empNumber/7'> selector='h6'> = locator('h6')\nE        +        where locator = <Page url='https://opensource-demo.orangehrmlive.com/web/index.php/pim/viewPersonalDetails/empNumber/7'>.locator\n\nsteps\\common_steps.py:9: AssertionError","flaky":false,"newFailed":false,"newBroken":false,"newPassed":false,"retriesCount":1,"retriesStatusChange":true,"beforeStages":[{"name":"browser_manager","time":{"start":1770032822147,"stop":1770032823295,"duration":1148},"status":"passed","steps":[],"attachments":[],"parameters":[],"shouldDisplayMessage":false,"stepsCount":0,"attachmentsCount":0,"hasContent":false,"attachmentStep":false},{"name":"page","time":{"start":1770033020596,"stop":1770033020845,"duration":249},"status":"passed","steps":[],"attachments":[],"parameters":[],"shouldDisplayMessage":false,"stepsCount":0,"attachmentsCount":0,"hasContent":false,"attachmentStep":false},{"name":"_pytest_bdd_example","time":{"start":1770033077958,"stop":1770033077958,"duration":0},"status":"passed","steps":[],"attachments":[],"parameters":[],"shouldDisplayMessage":false,"stepsCount":0,"attachmentsCount":0,"hasContent":false,"attachmentStep":false}],"afterStages":[{"name":"page::0","time":{"start":1770033040951,"stop":1770033040984,"duration":33},"status":"passed","steps":[],"attachments":[],"parameters":[],"shouldDisplayMessage":false,"stepsCount":0,"attachmentsCount":0,"hasContent":false,"attachmentStep":false},{"name":"browser_manager::0","time":{"start":1770033606632,"stop":1770033607046,"duration":414},"status":"passed","steps":[],"attachments":[],"parameters":[],"shouldDisplayMessage":false,"stepsCount":0,"attachmentsCount":0,"hasContent":false,"attachmentStep":false}],"labels":[{"name":"parentSuite","value":"tests"},{"name":"suite","value":"test_bdd_runner"},{"name":"host","value":"PW0ME614"},{"name":"thread","value":"34052-MainThread"},{"name":"framework","value":"pytest"},{"name":"language","value":"cpython3"},{"name":"package","value":"tests.test_bdd_runner"},{"name":"resultFormat","value":"allure2"}],"parameters":[{"name":"_pytest_bdd_example","value":"{'TC_ID': 'TC_MyInfo_005'}"}],"links":[],"hidden":false,"retry":false,"extra":{"severity":"normal","retries":[{"uid":"98948db344d108a0","status":"broken","statusDetails":"playwright._impl._errors.TimeoutError: Page.click: Timeout 30000ms exceeded.\nCall log:\n  - waiting for locator(\"a[href*=\\\"viewMyDetails\\\"]\")\n    - waiting for\" https://opensource-demo.orangehrmlive.com/web/index.php/auth/login\" navigation to finish...\n    - navigated to \"https://opensource-demo.orangehrmlive.com/web/index.php/auth/login\"","time":{"start":1770032661063,"stop":1770032702176,"duration":41113}}],"categories":[{"name":"Product defects","matchedStatuses":[]}],"tags":[]},"source":"362251eace4041e6.json","parameterValues":["{'TC_ID': 'TC_MyInfo_005'}"]}