{"uid":"8bca7540e1a578b9","name":"test_readonly_validation[TC_MyInfo_026-Report To]","fullName":"tests.test_myinfo_bdd#test_readonly_validation","historyId":"fff43aa8883c7ad85851a779a4c42868","time":{"start":1770033604358,"stop":1770033606344,"duration":1986},"description":"D:\\PythonProject\\playwright_assignment_Ayushmaan\\qa.orangeHRM.automation\\features\\my_info\\restricted.feature: Read-only validation","descriptionHtml":"<p>D:\\PythonProject\\playwright_assignment_Ayushmaan\\qa.orangeHRM.automation\\features\\my_info\\restricted.feature: Read-only validation</p>\n","status":"broken","statusMessage":"playwright._impl._errors.Error: Page.goto: net::ERR_HTTP_RESPONSE_CODE_FAILURE at https://opensource-demo.orangehrmlive.com/web/index.php/auth/login\nCall log:\n  - navigating to \"https://opensource-demo.orangehrmlive.com/web/index.php/auth/login\", waiting until \"load\"","statusTrace":"fixturefunc = <function login at 0x0000019B65CF6400>\nrequest = <FixtureRequest for <Function test_readonly_validation[TC_MyInfo_026-Report To]>>, kwargs = {'page': <Page url='about:blank'>}\n\n    def call_fixture_func(\n        fixturefunc: _FixtureFunc[FixtureValue], request: FixtureRequest, kwargs\n    ) -> FixtureValue:\n        if inspect.isgeneratorfunction(fixturefunc):\n            fixturefunc = cast(Callable[..., Generator[FixtureValue]], fixturefunc)\n            generator = fixturefunc(**kwargs)\n            try:\n                fixture_result = next(generator)\n            except StopIteration:\n                raise ValueError(f\"{request.fixturename} did not yield a value\") from None\n            finalizer = functools.partial(_teardown_yield_fixture, fixturefunc, generator)\n            request.addfinalizer(finalizer)\n        else:\n            fixturefunc = cast(Callable[..., FixtureValue], fixturefunc)\n>           fixture_result = fixturefunc(**kwargs)\n                             ^^^^^^^^^^^^^^^^^^^^^\n\n..\\.venv\\Lib\\site-packages\\_pytest\\fixtures.py:915: \n_ _ _ _ _ _ _ _ _ _ _ _ _ _ _ _ _ _ _ _ _ _ _ _ _ _ _ _ _ _ _ _ _ _ _ _ _ _ _ _ _ _ _ _ _ _ _ _ _ _ _ _ _ _ _ _ _ _ _ _ _ _ _ _ _ _ _ _ _ _ _ \nsteps\\auth_steps.py:6: in login\n    page.goto(settings.BASE_URL)\n..\\.venv\\Lib\\site-packages\\playwright\\sync_api\\_generated.py:9054: in goto\n    self._sync(\n..\\.venv\\Lib\\site-packages\\playwright\\_impl\\_page.py:552: in goto\n    return await self._main_frame.goto(**locals_to_params(locals()))\n           ^^^^^^^^^^^^^^^^^^^^^^^^^^^^^^^^^^^^^^^^^^^^^^^^^^^^^^^^^\n..\\.venv\\Lib\\site-packages\\playwright\\_impl\\_frame.py:153: in goto\n    await self._channel.send(\n..\\.venv\\Lib\\site-packages\\playwright\\_impl\\_connection.py:69: in send\n    return await self._connection.wrap_api_call(\n_ _ _ _ _ _ _ _ _ _ _ _ _ _ _ _ _ _ _ _ _ _ _ _ _ _ _ _ _ _ _ _ _ _ _ _ _ _ _ _ _ _ _ _ _ _ _ _ _ _ _ _ _ _ _ _ _ _ _ _ _ _ _ _ _ _ _ _ _ _ _ \n\nself = <playwright._impl._connection.Connection object at 0x0000019B65D070E0>\ncb = <function Channel.send.<locals>.<lambda> at 0x0000019B66DF77F0>, is_internal = False, title = None\n\n    async def wrap_api_call(\n        self, cb: Callable[[], Any], is_internal: bool = False, title: str = None\n    ) -> Any:\n        if self._api_zone.get():\n            return await cb()\n        task = asyncio.current_task(self._loop)\n        st: List[inspect.FrameInfo] = getattr(\n            task, \"__pw_stack__\", None\n        ) or inspect.stack(0)\n    \n        parsed_st = _extract_stack_trace_information_from_stack(st, is_internal, title)\n        self._api_zone.set(parsed_st)\n        try:\n            return await cb()\n        except Exception as error:\n>           raise rewrite_error(error, f\"{parsed_st['apiName']}: {error}\") from None\nE           playwright._impl._errors.Error: Page.goto: net::ERR_HTTP_RESPONSE_CODE_FAILURE at https://opensource-demo.orangehrmlive.com/web/index.php/auth/login\nE           Call log:\nE             - navigating to \"https://opensource-demo.orangehrmlive.com/web/index.php/auth/login\", waiting until \"load\"\n\n..\\.venv\\Lib\\site-packages\\playwright\\_impl\\_connection.py:559: Error","flaky":false,"newFailed":false,"newBroken":false,"newPassed":false,"retriesCount":0,"retriesStatusChange":false,"beforeStages":[{"name":"browser_manager","time":{"start":1770032822147,"stop":1770032823295,"duration":1148},"status":"passed","steps":[],"attachments":[],"parameters":[],"shouldDisplayMessage":false,"stepsCount":0,"attachmentsCount":0,"hasContent":false,"attachmentStep":false},{"name":"page","time":{"start":1770033604358,"stop":1770033604576,"duration":218},"status":"passed","steps":[],"attachments":[],"parameters":[],"shouldDisplayMessage":false,"stepsCount":0,"attachmentsCount":0,"hasContent":false,"attachmentStep":false}],"afterStages":[{"name":"page::0","time":{"start":1770033606586,"stop":1770033606618,"duration":32},"status":"passed","steps":[],"attachments":[],"parameters":[],"shouldDisplayMessage":false,"stepsCount":0,"attachmentsCount":0,"hasContent":false,"attachmentStep":false},{"name":"browser_manager::0","time":{"start":1770033606632,"stop":1770033607046,"duration":414},"status":"passed","steps":[],"attachments":[],"parameters":[],"shouldDisplayMessage":false,"stepsCount":0,"attachmentsCount":0,"hasContent":false,"attachmentStep":false}],"labels":[{"name":"parentSuite","value":"tests"},{"name":"suite","value":"test_myinfo_bdd"},{"name":"host","value":"PW0ME614"},{"name":"thread","value":"34052-MainThread"},{"name":"framework","value":"pytest"},{"name":"language","value":"cpython3"},{"name":"package","value":"tests.test_myinfo_bdd"},{"name":"resultFormat","value":"allure2"}],"parameters":[{"name":"_pytest_bdd_example","value":"{'TC_ID': 'TC_MyInfo_026', 'section': 'Report To'}"}],"links":[],"hidden":false,"retry":false,"extra":{"severity":"normal","retries":[],"categories":[{"name":"Test defects","matchedStatuses":[]}],"tags":[]},"source":"8bca7540e1a578b9.json","parameterValues":["{'TC_ID': 'TC_MyInfo_026', 'section': 'Report To'}"]}