{"uid":"f0b731ee0262f85c","name":"test_validate_myinfo_flows[TC_MyInfo_025]","fullName":"tests.test_myinfo_bdd#test_validate_myinfo_flows","historyId":"ee679408bc51cb22dac3ec0dcb5a17f9","time":{"start":1770033428900,"stop":1770033452286,"duration":23386},"description":"D:\\PythonProject\\playwright_assignment_Ayushmaan\\qa.orangeHRM.automation\\features\\my_info\\myinfo.feature: Validate MyInfo flows","descriptionHtml":"<p>D:\\PythonProject\\playwright_assignment_Ayushmaan\\qa.orangeHRM.automation\\features\\my_info\\myinfo.feature: Validate MyInfo flows</p>\n","status":"failed","statusMessage":"AssertionError: assert False\n +  where False = is_visible()\n +    where is_visible = <Locator frame=<Frame name= url='https://opensource-demo.orangehrmlive.com/web/index.php/pim/viewPersonalDetails/empNumber/7'> selector='h6'>.is_visible\n +      where <Locator frame=<Frame name= url='https://opensource-demo.orangehrmlive.com/web/index.php/pim/viewPersonalDetails/empNumber/7'> selector='h6'> = locator('h6')\n +        where locator = <Page url='https://opensource-demo.orangehrmlive.com/web/index.php/pim/viewPersonalDetails/empNumber/7'>.locator","statusTrace":"fixturefunc = <function verify_visible at 0x0000019B65CF68D0>\nrequest = <FixtureRequest for <Function test_validate_myinfo_flows[TC_MyInfo_025]>>\nkwargs = {'page': <Page url='https://opensource-demo.orangehrmlive.com/web/index.php/pim/viewPersonalDetails/empNumber/7'>}\n\n    def call_fixture_func(\n        fixturefunc: _FixtureFunc[FixtureValue], request: FixtureRequest, kwargs\n    ) -> FixtureValue:\n        if inspect.isgeneratorfunction(fixturefunc):\n            fixturefunc = cast(Callable[..., Generator[FixtureValue]], fixturefunc)\n            generator = fixturefunc(**kwargs)\n            try:\n                fixture_result = next(generator)\n            except StopIteration:\n                raise ValueError(f\"{request.fixturename} did not yield a value\") from None\n            finalizer = functools.partial(_teardown_yield_fixture, fixturefunc, generator)\n            request.addfinalizer(finalizer)\n        else:\n            fixturefunc = cast(Callable[..., FixtureValue], fixturefunc)\n>           fixture_result = fixturefunc(**kwargs)\n                             ^^^^^^^^^^^^^^^^^^^^^\n\n..\\.venv\\Lib\\site-packages\\_pytest\\fixtures.py:915: \n_ _ _ _ _ _ _ _ _ _ _ _ _ _ _ _ _ _ _ _ _ _ _ _ _ _ _ _ _ _ _ _ _ _ _ _ _ _ _ _ _ _ _ _ _ _ _ _ _ _ _ _ _ _ _ _ _ _ _ _ _ _ _ _ _ _ _ _ _ _ _ \n\npage = <Page url='https://opensource-demo.orangehrmlive.com/web/index.php/pim/viewPersonalDetails/empNumber/7'>\n\n    @then(\"the requested section should be visible\")\n    def verify_visible(page):\n>       assert page.locator(\"h6\").is_visible()\nE       AssertionError: assert False\nE        +  where False = is_visible()\nE        +    where is_visible = <Locator frame=<Frame name= url='https://opensource-demo.orangehrmlive.com/web/index.php/pim/viewPersonalDetails/empNumber/7'> selector='h6'>.is_visible\nE        +      where <Locator frame=<Frame name= url='https://opensource-demo.orangehrmlive.com/web/index.php/pim/viewPersonalDetails/empNumber/7'> selector='h6'> = locator('h6')\nE        +        where locator = <Page url='https://opensource-demo.orangehrmlive.com/web/index.php/pim/viewPersonalDetails/empNumber/7'>.locator\n\nsteps\\common_steps.py:9: AssertionError","flaky":false,"newFailed":false,"newBroken":false,"newPassed":false,"retriesCount":0,"retriesStatusChange":false,"beforeStages":[{"name":"browser_manager","time":{"start":1770032822147,"stop":1770032823295,"duration":1148},"status":"passed","steps":[],"attachments":[],"parameters":[],"shouldDisplayMessage":false,"stepsCount":0,"attachmentsCount":0,"hasContent":false,"attachmentStep":false},{"name":"page","time":{"start":1770033428900,"stop":1770033429100,"duration":200},"status":"passed","steps":[],"attachments":[],"parameters":[],"shouldDisplayMessage":false,"stepsCount":0,"attachmentsCount":0,"hasContent":false,"attachmentStep":false},{"name":"_pytest_bdd_example","time":{"start":1770033452414,"stop":1770033452414,"duration":0},"status":"passed","steps":[],"attachments":[],"parameters":[],"shouldDisplayMessage":false,"stepsCount":0,"attachmentsCount":0,"hasContent":false,"attachmentStep":false}],"afterStages":[{"name":"page::0","time":{"start":1770033452333,"stop":1770033452398,"duration":65},"status":"passed","steps":[],"attachments":[],"parameters":[],"shouldDisplayMessage":false,"stepsCount":0,"attachmentsCount":0,"hasContent":false,"attachmentStep":false},{"name":"browser_manager::0","time":{"start":1770033606632,"stop":1770033607046,"duration":414},"status":"passed","steps":[],"attachments":[],"parameters":[],"shouldDisplayMessage":false,"stepsCount":0,"attachmentsCount":0,"hasContent":false,"attachmentStep":false}],"labels":[{"name":"parentSuite","value":"tests"},{"name":"suite","value":"test_myinfo_bdd"},{"name":"host","value":"PW0ME614"},{"name":"thread","value":"34052-MainThread"},{"name":"framework","value":"pytest"},{"name":"language","value":"cpython3"},{"name":"package","value":"tests.test_myinfo_bdd"},{"name":"resultFormat","value":"allure2"}],"parameters":[{"name":"_pytest_bdd_example","value":"{'TC_ID': 'TC_MyInfo_025'}"}],"links":[],"hidden":false,"retry":false,"extra":{"severity":"normal","retries":[],"categories":[{"name":"Product defects","matchedStatuses":[]}],"tags":[]},"source":"f0b731ee0262f85c.json","parameterValues":["{'TC_ID': 'TC_MyInfo_025'}"]}